<?xml version="1.0" encoding="UTF-8"?>
<!-- Generated by org.testng.reporters.JUnitReportReporter -->
<testsuite skipped="0" hostname="BDC6-DX-9X8P882" name="com.selenium1.loginPage" tests="1" failures="0" timestamp="14 Jun 2019 03:58:03 GMT" time="13.365" errors="0">
  <testcase name="loginPageCheck" time="13.365" classname="com.selenium1.loginPage"/>
</testsuite> <!-- com.selenium1.loginPage -->
