<?xml version="1.0" encoding="UTF-8"?>
<!-- Generated by org.testng.reporters.JUnitReportReporter -->
<testsuite skipped="0" hostname="BDC6-DX-9X8P882" name="com.selenium1.register" tests="1" failures="0" timestamp="13 Jun 2019 11:24:25 GMT" time="18.498" errors="0">
  <testcase name="registerPage" time="18.498" classname="com.selenium1.register"/>
</testsuite> <!-- com.selenium1.register -->
