<?xml version="1.0" encoding="UTF-8"?>
<!-- Generated by org.testng.reporters.JUnitReportReporter -->
<testsuite skipped="0" hostname="BDC6-DX-9X8P882" name="com.selenium1.seleniumBasic" tests="1" failures="0" timestamp="14 Jun 2019 03:50:30 GMT" time="11.286" errors="0">
  <testcase name="testGoogleHomePage" time="11.286" classname="com.selenium1.seleniumBasic"/>
</testsuite> <!-- com.selenium1.seleniumBasic -->
