<?xml version="1.0" encoding="UTF-8"?>
<!-- Generated by org.testng.reporters.JUnitReportReporter -->
<testsuite skipped="0" hostname="BDC6-DX-9X8P882" name="com.selenium1.changePassword" tests="1" failures="0" timestamp="14 Jun 2019 03:24:05 GMT" time="41.881" errors="0">
  <testcase name="changePassword1" time="41.881" classname="com.selenium1.changePassword"/>
</testsuite> <!-- com.selenium1.changePassword -->
