<?xml version="1.0" encoding="UTF-8"?>
<!-- Generated by org.testng.reporters.JUnitReportReporter -->
<testsuite skipped="0" hostname="BDC6-DX-9X8P882" name="com.selenium1.newtest3" tests="1" failures="0" timestamp="17 Jun 2019 08:48:54 GMT" time="15.091" errors="0">
  <testcase name="testgooglelinks" time="15.091" classname="com.selenium1.newtest3"/>
</testsuite> <!-- com.selenium1.newtest3 -->
